==============================================================================
20180126 13:15:15.197 - INFO - + START SUITE: Acceptancetest [ ]
==============================================================================
20180126 13:15:15.226 - INFO - +- START SUITE: Acceptancetest.HelloWorldTests [ ]
==============================================================================
20180126 13:15:15.229 - INFO - +-- START TEST: Say Hello [ ]
------------------------------------------------------------------------------
20180126 13:15:15.232 - INFO - +--- START KW: keywords.CustomKeywords.Greet Everyone [ ]
20180126 13:15:15.234 - INFO - +--- END KW: keywords.CustomKeywords.Greet Everyone (2)
------------------------------------------------------------------------------
20180126 13:15:15.238 - INFO - +-- END TEST: Say Hello (7)
------------------------------------------------------------------------------
20180126 13:15:15.240 - INFO - +-- START TEST: Say Hello In Pig Latin [ ]
------------------------------------------------------------------------------
20180126 13:15:15.242 - INFO - +--- START KW: keywords.CustomKeywords.Reverse Greet Everyone [ ]
20180126 13:15:15.244 - INFO - +--- END KW: keywords.CustomKeywords.Reverse Greet Everyone (2)
------------------------------------------------------------------------------
20180126 13:15:15.247 - INFO - +-- END TEST: Say Hello In Pig Latin (5)
------------------------------------------------------------------------------
20180126 13:15:15.248 - INFO - +-- START TEST: Make Sure You're Saying Hello [ ]
------------------------------------------------------------------------------
20180126 13:15:15.254 - INFO - +--- START KW: keywords.CustomKeywords.Greet Everyone [ ]
20180126 13:15:15.257 - INFO - ${result} = hello world
20180126 13:15:15.258 - INFO - +--- END KW: keywords.CustomKeywords.Greet Everyone (3)
~~~~~~~~~~~~~~~~~~~~~~~~~~~~~~~~~~~~~~~~~~~~~~~~~~~~~~~~~~~~~~~~~~~~~~~~~~~~~~
20180126 13:15:15.259 - INFO - +--- START KW: BuiltIn.Should Be Equal [ ${result} | hello world ]
20180126 13:15:15.263 - INFO - +--- END KW: BuiltIn.Should Be Equal (3)
------------------------------------------------------------------------------
20180126 13:15:15.265 - INFO - +-- END TEST: Make Sure You're Saying Hello (16)
------------------------------------------------------------------------------
20180126 13:15:15.266 - INFO - +-- START TEST: Make A Test That Fails [ ]
------------------------------------------------------------------------------
20180126 13:15:15.268 - INFO - +--- START KW: keywords.CustomKeywords.Reverse Greet Everyone [ ]
20180126 13:15:15.270 - INFO - ${result} = dlrow olleh
20180126 13:15:15.271 - INFO - +--- END KW: keywords.CustomKeywords.Reverse Greet Everyone (3)
~~~~~~~~~~~~~~~~~~~~~~~~~~~~~~~~~~~~~~~~~~~~~~~~~~~~~~~~~~~~~~~~~~~~~~~~~~~~~~
20180126 13:15:15.272 - INFO - +--- START KW: BuiltIn.Should Be Equal [ ${result} | dlrow olleh ]
20180126 13:15:15.275 - INFO - +--- END KW: BuiltIn.Should Be Equal (3)
------------------------------------------------------------------------------
20180126 13:15:15.277 - INFO - +-- END TEST: Make A Test That Fails (11)
------------------------------------------------------------------------------
20180126 13:15:15.283 - INFO - +- END SUITE: Acceptancetest.HelloWorldTests (79)
==============================================================================
20180126 13:15:15.289 - INFO - + END SUITE: Acceptancetest (267)
==============================================================================
